# JRE version: Java(TM) SE Runtime Environment (17.0.11+7) (build 17.0.11+7-LTS-207)
# Java VM: Java HotSpot(TM) 64-Bit Server VM (17.0.11+7-LTS-207, mixed mode, sharing, tiered, compressed oops, compressed class ptrs, g1 gc, windows-amd64)
GC Precious Log:
 CPUs: 8 total, 8 available
 Memory: 16227M
 Large Page Support: Disabled
 NUMA Support: Disabled
 Compressed Oops: Enabled (Zero based)
 Heap Region Size: 2M
 Heap Min Capacity: 8M
 Heap Initial Capacity: 254M
 Heap Max Capacity: 4058M
 Pre-touch: Disabled
 Parallel Workers: 8
 Concurrent Workers: 2
 Concurrent Refinement Workers: 8
 Periodic GC: Disabled
Heap:
 garbage-first heap   total 264192K, used 211179K [0x0000000702600000, 0x0000000800000000)
  region size 2048K, 26 young (53248K), 5 survivors (10240K)
 Metaspace       used 71176K, committed 71552K, reserved 1114112K
  class space    used 7606K, committed 7808K, reserved 1048576K
GC Heap History (20 events):
Event: 28.322 GC heap before
{Heap before GC invocations=33 (full 0):
 garbage-first heap   total 264192K, used 129848K [0x0000000702600000, 0x0000000800000000)
  region size 2048K, 9 young (18432K), 4 survivors (8192K)
 Metaspace       used 60194K, committed 60480K, reserved 1114112K
  class space    used 6697K, committed 6848K, reserved 1048576K
}
Event: 28.330 GC heap after
{Heap after GC invocations=34 (full 0):
 garbage-first heap   total 264192K, used 121824K [0x0000000702600000, 0x0000000800000000)
  region size 2048K, 4 young (8192K), 4 survivors (8192K)
 Metaspace       used 60194K, committed 60480K, reserved 1114112K
  class space    used 6697K, committed 6848K, reserved 1048576K
}
Event: 30.465 GC heap before
{Heap before GC invocations=35 (full 0):
 garbage-first heap   total 264192K, used 220128K [0x0000000702600000, 0x0000000800000000)
  region size 2048K, 52 young (106496K), 4 survivors (8192K)
 Metaspace       used 60391K, committed 60672K, reserved 1114112K
  class space    used 6702K, committed 6848K, reserved 1048576K
}
Event: 30.481 GC heap after
{Heap after GC invocations=36 (full 0):
 garbage-first heap   total 264192K, used 128523K [0x0000000702600000, 0x0000000800000000)
  region size 2048K, 4 young (8192K), 4 survivors (8192K)
 Metaspace       used 60391K, committed 60672K, reserved 1114112K
  class space    used 6702K, committed 6848K, reserved 1048576K
}
Event: 30.599 GC heap before
{Heap before GC invocations=36 (full 0):
 garbage-first heap   total 264192K, used 132619K [0x0000000702600000, 0x0000000800000000)
  region size 2048K, 6 young (12288K), 4 survivors (8192K)
 Metaspace       used 60408K, committed 60736K, reserved 1114112K
  class space    used 6703K, committed 6848K, reserved 1048576K
}
Event: 30.613 GC heap after
{Heap after GC invocations=37 (full 0):
 garbage-first heap   total 264192K, used 129345K [0x0000000702600000, 0x0000000800000000)
  region size 2048K, 1 young (2048K), 1 survivors (2048K)
 Metaspace       used 60408K, committed 60736K, reserved 1114112K
  class space    used 6703K, committed 6848K, reserved 1048576K
}
Event: 32.206 GC heap before
{Heap before GC invocations=37 (full 0):
 garbage-first heap   total 264192K, used 219457K [0x0000000702600000, 0x0000000800000000)
  region size 2048K, 45 young (92160K), 1 survivors (2048K)
 Metaspace       used 60558K, committed 60864K, reserved 1114112K
  class space    used 6706K, committed 6848K, reserved 1048576K
}
Event: 32.213 GC heap after
{Heap after GC invocations=38 (full 0):
 garbage-first heap   total 264192K, used 133343K [0x0000000702600000, 0x0000000800000000)
  region size 2048K, 3 young (6144K), 3 survivors (6144K)
 Metaspace       used 60558K, committed 60864K, reserved 1114112K
  class space    used 6706K, committed 6848K, reserved 1048576K
}
Event: 33.772 GC heap before
{Heap before GC invocations=39 (full 0):
 garbage-first heap   total 264192K, used 231647K [0x0000000702600000, 0x0000000800000000)
  region size 2048K, 46 young (94208K), 3 survivors (6144K)
 Metaspace       used 60770K, committed 61056K, reserved 1114112K
  class space    used 6717K, committed 6848K, reserved 1048576K
}
Event: 33.785 GC heap after
{Heap after GC invocations=40 (full 0):
 garbage-first heap   total 264192K, used 149717K [0x0000000702600000, 0x0000000800000000)
  region size 2048K, 6 young (12288K), 6 survivors (12288K)
 Metaspace       used 60770K, committed 61056K, reserved 1114112K
  class space    used 6717K, committed 6848K, reserved 1048576K
}
Event: 33.827 GC heap before
{Heap before GC invocations=40 (full 0):
 garbage-first heap   total 264192K, used 151765K [0x0000000702600000, 0x0000000800000000)
  region size 2048K, 7 young (14336K), 6 survivors (12288K)
 Metaspace       used 60771K, committed 61056K, reserved 1114112K
  class space    used 6717K, committed 6848K, reserved 1048576K
}
Event: 33.841 GC heap after
{Heap after GC invocations=41 (full 0):
 garbage-first heap   total 264192K, used 150422K [0x0000000702600000, 0x0000000800000000)
  region size 2048K, 1 young (2048K), 1 survivors (2048K)
 Metaspace       used 60771K, committed 61056K, reserved 1114112K
  class space    used 6717K, committed 6848K, reserved 1048576K
}
Event: 34.570 GC heap before
{Heap before GC invocations=41 (full 0):
 garbage-first heap   total 264192K, used 222102K [0x0000000702600000, 0x0000000800000000)
  region size 2048K, 36 young (73728K), 1 survivors (2048K)
 Metaspace       used 61413K, committed 61760K, reserved 1114112K
  class space    used 6751K, committed 6912K, reserved 1048576K
}
Event: 34.574 GC heap after
{Heap after GC invocations=42 (full 0):
 garbage-first heap   total 264192K, used 150536K [0x0000000702600000, 0x0000000800000000)
  region size 2048K, 1 young (2048K), 1 survivors (2048K)
 Metaspace       used 61413K, committed 61760K, reserved 1114112K
  class space    used 6751K, committed 6912K, reserved 1048576K
}
Event: 35.919 GC heap before
{Heap before GC invocations=42 (full 0):
 garbage-first heap   total 264192K, used 224264K [0x0000000702600000, 0x0000000800000000)
  region size 2048K, 37 young (75776K), 1 survivors (2048K)
 Metaspace       used 65327K, committed 65664K, reserved 1114112K
  class space    used 7067K, committed 7232K, reserved 1048576K
}
Event: 35.926 GC heap after
{Heap after GC invocations=43 (full 0):
 garbage-first heap   total 264192K, used 152320K [0x0000000702600000, 0x0000000800000000)
  region size 2048K, 2 young (4096K), 2 survivors (4096K)
 Metaspace       used 65327K, committed 65664K, reserved 1114112K
  class space    used 7067K, committed 7232K, reserved 1048576K
}
Event: 37.463 GC heap before
{Heap before GC invocations=43 (full 0):
 garbage-first heap   total 264192K, used 226048K [0x0000000702600000, 0x0000000800000000)
  region size 2048K, 38 young (77824K), 2 survivors (4096K)
 Metaspace       used 68360K, committed 68672K, reserved 1114112K
  class space    used 7326K, committed 7488K, reserved 1048576K
}
Event: 37.477 GC heap after
{Heap after GC invocations=44 (full 0):
 garbage-first heap   total 264192K, used 160032K [0x0000000702600000, 0x0000000800000000)
  region size 2048K, 5 young (10240K), 5 survivors (10240K)
 Metaspace       used 68360K, committed 68672K, reserved 1114112K
  class space    used 7326K, committed 7488K, reserved 1048576K
}
Event: 38.484 GC heap before
{Heap before GC invocations=44 (full 0):
 garbage-first heap   total 264192K, used 223520K [0x0000000702600000, 0x0000000800000000)
  region size 2048K, 36 young (73728K), 5 survivors (10240K)
 Metaspace       used 70112K, committed 70464K, reserved 1114112K
  class space    used 7514K, committed 7680K, reserved 1048576K
}
Event: 38.509 GC heap after
{Heap after GC invocations=45 (full 0):
 garbage-first heap   total 264192K, used 170219K [0x0000000702600000, 0x0000000800000000)
  region size 2048K, 5 young (10240K), 5 survivors (10240K)
 Metaspace       used 70112K, committed 70464K, reserved 1114112K
  class space    used 7514K, committed 7680K, reserved 1048576K
}

